DEBUG:root:Order:2 3 10.0
DEBUG:root:Finish turn

DEBUG:root:Order:2 4 10.0
DEBUG:root:Finish turn

DEBUG:root:Order:2 19 15.0
DEBUG:root:Finish turn

DEBUG:root:Order:2 20 15.0
DEBUG:root:Order:2 4 37
DEBUG:root:Finish turn

DEBUG:root:Order:2 15 20.0
DEBUG:root:Bad order:4 3.0 8
DEBUG:root:Finish turn

DEBUG:root:Order:4 16 20.0
DEBUG:root:Order:2 4 3
DEBUG:root:Finish turn

DEBUG:root:Order:2 4 1
DEBUG:root:Finish turn

DEBUG:root:Order:4 0 26.0
DEBUG:root:Order:2 19 15
DEBUG:root:Order:2 4 7
DEBUG:root:Finish turn

DEBUG:root:Order:2 19 2
DEBUG:root:Order:2 4 1
DEBUG:root:Finish turn

DEBUG:root:Order:2 19 1
DEBUG:root:Order:2 4 2
DEBUG:root:Finish turn

DEBUG:root:Order:2 19 1
DEBUG:root:Finish turn

DEBUG:root:Order:2 15 10
DEBUG:root:Order:4 15 7
DEBUG:root:Order:19 15 4
DEBUG:root:Finish turn

DEBUG:root:Order:2 15 2
DEBUG:root:Order:2 19 1
DEBUG:root:Finish turn

DEBUG:root:Order:2 19 1
DEBUG:root:Order:2 4 2
DEBUG:root:Finish turn

DEBUG:root:Order:2 19 1
DEBUG:root:Finish turn

DEBUG:root:Order:2 19 2
DEBUG:root:Finish turn

DEBUG:root:Order:2 19 3
DEBUG:root:Order:2 4 1
DEBUG:root:Finish turn

DEBUG:root:Order:2 19 1
DEBUG:root:Order:2 4 1
DEBUG:root:Order:15 4 1
DEBUG:root:Finish turn

DEBUG:root:Order:2 19 1
DEBUG:root:Finish turn

DEBUG:root:Order:15 9 40.0
DEBUG:root:Order:2 15 12
DEBUG:root:Order:4 15 9
DEBUG:root:Order:19 15 6
DEBUG:root:Finish turn

DEBUG:root:Order:2 0 6
DEBUG:root:Order:4 0 3
DEBUG:root:Order:19 0 2
DEBUG:root:Order:15 0 1
DEBUG:root:Finish turn

DEBUG:root:Order:2 0 6
DEBUG:root:Order:15 0 4
DEBUG:root:Order:4 0 3
DEBUG:root:Order:19 0 2
DEBUG:root:Finish turn

DEBUG:root:Order:2 0 3
DEBUG:root:Order:2 19 1
DEBUG:root:Finish turn

DEBUG:root:Order:2 0 1
DEBUG:root:Order:2 19 1
DEBUG:root:Order:2 4 1
DEBUG:root:Order:15 4 1
DEBUG:root:Finish turn

DEBUG:root:Order:2 19 9
DEBUG:root:Order:4 19 9
DEBUG:root:Order:15 19 9
DEBUG:root:Bad order:0 5.0 6
DEBUG:root:Finish turn

DEBUG:root:Order:0 19 5
DEBUG:root:Order:2 19 3
DEBUG:root:Finish turn

DEBUG:root:Order:2 15 3
DEBUG:root:Order:2 19 1
DEBUG:root:Order:2 0 3
DEBUG:root:Finish turn

DEBUG:root:Bad order:0 3.0 15
DEBUG:root:Order:15 4 14
DEBUG:root:Order:2 4 13
DEBUG:root:Order:19 4 12
DEBUG:root:Finish turn

DEBUG:root:Bad order:0 4.0 14
DEBUG:root:Order:2 4 3
DEBUG:root:Order:15 4 1
DEBUG:root:Finish turn

DEBUG:root:Bad order:0 5.0 12
DEBUG:root:Order:2 4 2
DEBUG:root:Finish turn

DEBUG:root:Order:4 10 40.0
DEBUG:root:Bad order:0 8.0 19
DEBUG:root:Order:2 4 11
DEBUG:root:Order:15 4 9
DEBUG:root:Order:19 4 4
DEBUG:root:Finish turn

DEBUG:root:Bad order:0 12.0 17
DEBUG:root:Order:2 4 2
DEBUG:root:Finish turn

DEBUG:root:Order:0 4 16
DEBUG:root:Order:2 4 2
DEBUG:root:Order:2 19 2
DEBUG:root:Finish turn

DEBUG:root:Order:2 19 2
DEBUG:root:Order:2 0 1
DEBUG:root:Order:2 4 1
DEBUG:root:Finish turn

DEBUG:root:Order:15 9 5
DEBUG:root:Order:2 9 3
DEBUG:root:Order:4 9 2
DEBUG:root:Order:19 9 1
DEBUG:root:Finish turn

DEBUG:root:Order:19 5 46.0
DEBUG:root:Order:4 6 46.0
DEBUG:root:Bad order:2 17.0 24
DEBUG:root:Bad order:15 15.0 22
DEBUG:root:Bad order:0 4.0 19
DEBUG:root:Finish turn

DEBUG:root:Bad order:2 22.0 23
DEBUG:root:Order:2 4 21
DEBUG:root:Bad order:2 1.0 13
DEBUG:root:Finish turn

DEBUG:root:Bad order:15 21.0 25
DEBUG:root:Order:15 9 14
DEBUG:root:Order:15 4 1
DEBUG:root:Finish turn

DEBUG:root:Bad order:2 11.0 14
DEBUG:root:Bad order:15 9.0 12
DEBUG:root:Finish turn

DEBUG:root:Bad order:2 16.0 17
DEBUG:root:Bad order:15 12.0 13
DEBUG:root:Finish turn

DEBUG:root:Order:2 19 20
DEBUG:root:Order:15 19 9
DEBUG:root:Order:15 0 3
DEBUG:root:Order:15 4 1
DEBUG:root:Order:15 9 1
DEBUG:root:Finish turn

DEBUG:root:Order:4 11 54.0
DEBUG:root:Bad order:2 6.0 11
DEBUG:root:Bad order:15 4.0 9
DEBUG:root:Order:9 4 8
DEBUG:root:Order:0 4 7
DEBUG:root:Order:19 4 7
DEBUG:root:Finish turn

DEBUG:root:Bad order:2 11.0 14
DEBUG:root:Bad order:15 7.0 10
DEBUG:root:Finish turn

DEBUG:root:Order:2 4 16
DEBUG:root:Order:15 4 8
DEBUG:root:Order:15 0 2
DEBUG:root:Bad order:15 0.0 2
DEBUG:root:Bad order:15 0.0 10
DEBUG:root:Order:5 9 1
DEBUG:root:Finish turn

DEBUG:root:Order:2 19 3
DEBUG:root:Order:5 19 1
DEBUG:root:Order:5 0 2
DEBUG:root:Order:5 4 1
DEBUG:root:Finish turn

DEBUG:root:Bad order:2 7.0 12
DEBUG:root:Bad order:5 6.0 11
DEBUG:root:Order:4 15 9
DEBUG:root:Order:9 15 9
DEBUG:root:Order:0 15 8
DEBUG:root:Order:19 15 8
DEBUG:root:Bad order:11 1.0 6
DEBUG:root:Finish turn

DEBUG:root:Bad order:2 12.0 14
DEBUG:root:Bad order:5 11.0 13
DEBUG:root:Bad order:11 5.0 7
DEBUG:root:Finish turn

DEBUG:root:Order:2 15 16
DEBUG:root:Order:5 15 15
DEBUG:root:Bad order:5 1.0 4
DEBUG:root:Bad order:5 1.0 2
DEBUG:root:Bad order:5 1.0 2
DEBUG:root:Finish turn

DEBUG:root:Order:11 0 6
DEBUG:root:Order:11 4 3
DEBUG:root:Order:11 9 3
DEBUG:root:Bad order:11 1.0 8
DEBUG:root:Order:2 15 1
DEBUG:root:Order:5 15 1
DEBUG:root:Finish turn

DEBUG:root:Order:2 11 2
DEBUG:root:Order:2 4 1
DEBUG:root:Order:2 9 1
DEBUG:root:Finish turn

DEBUG:root:Order:4 12 54.0
DEBUG:root:Order:5 4 12
DEBUG:root:Order:15 4 9
DEBUG:root:Order:2 4 8
DEBUG:root:Order:11 4 8
DEBUG:root:Order:9 4 6
DEBUG:root:Finish turn

DEBUG:root:Order:2 4 2
DEBUG:root:Order:5 4 2
DEBUG:root:Order:11 4 1
DEBUG:root:Order:11 9 1
DEBUG:root:Finish turn

DEBUG:root:Order:2 9 1
DEBUG:root:Order:2 11 1
DEBUG:root:Order:5 11 1
DEBUG:root:Finish turn

DEBUG:root:Order:5 9 11
DEBUG:root:Order:11 9 11
DEBUG:root:Order:2 9 10
DEBUG:root:Order:15 9 8
DEBUG:root:Finish turn

DEBUG:root:Order:2 10 7
DEBUG:root:Order:5 10 7
DEBUG:root:Order:11 10 6
DEBUG:root:Order:15 10 5
DEBUG:root:Order:9 10 2
DEBUG:root:Finish turn

DEBUG:root:Order:2 10 2
DEBUG:root:Order:5 10 2
DEBUG:root:Order:5 9 2
DEBUG:root:Order:11 9 1
DEBUG:root:Finish turn

DEBUG:root:Order:2 10 1
DEBUG:root:Finish turn

DEBUG:root:Order:2 10 2
DEBUG:root:Order:2 9 2
DEBUG:root:Order:5 9 1
DEBUG:root:Order:11 9 1
DEBUG:root:Finish turn

DEBUG:root:Order:15 13 62.0
DEBUG:root:Order:5 15 12
DEBUG:root:Order:9 15 12
DEBUG:root:Order:11 15 11
DEBUG:root:Order:2 15 10
DEBUG:root:Order:10 15 8
DEBUG:root:Finish turn

DEBUG:root:Order:2 9 1
DEBUG:root:Order:2 10 1
DEBUG:root:Order:2 15 1
DEBUG:root:Order:5 15 1
DEBUG:root:Finish turn

DEBUG:root:Order:5 9 2
DEBUG:root:Order:5 10 2
DEBUG:root:Finish turn

DEBUG:root:Order:2 9 1
DEBUG:root:Order:2 10 1
DEBUG:root:Order:2 5 1
DEBUG:root:Order:11 5 1
DEBUG:root:Finish turn

DEBUG:root:Order:5 6 5
DEBUG:root:Order:11 6 3
DEBUG:root:Order:2 6 2
DEBUG:root:Order:15 6 2
DEBUG:root:Finish turn

DEBUG:root:Order:2 6 5
DEBUG:root:Order:5 6 5
DEBUG:root:Order:11 6 4
DEBUG:root:Order:15 6 3
DEBUG:root:Order:9 6 2
DEBUG:root:Order:10 6 2
DEBUG:root:Finish turn

DEBUG:root:Order:2 6 2
DEBUG:root:Order:5 6 1
DEBUG:root:Order:5 9 1
DEBUG:root:Order:5 10 1
DEBUG:root:Finish turn

DEBUG:root:Order:15 14 62.0
DEBUG:root:Order:2 15 10
DEBUG:root:Order:6 15 10
DEBUG:root:Order:11 15 10
DEBUG:root:Order:5 15 9
DEBUG:root:Order:9 15 7
DEBUG:root:Order:10 15 7
DEBUG:root:Finish turn

DEBUG:root:Order:2 9 1
DEBUG:root:Order:2 10 1
DEBUG:root:Order:2 15 1
DEBUG:root:Finish turn

DEBUG:root:Order:5 9 1
DEBUG:root:Order:5 10 1
DEBUG:root:Order:5 15 3
DEBUG:root:Order:11 15 1
DEBUG:root:Finish turn

DEBUG:root:Order:9 7 64.0
DEBUG:root:Order:2 9 17
DEBUG:root:Order:11 9 16
DEBUG:root:Order:5 9 15
DEBUG:root:Finish turn

DEBUG:root:Order:2 9 1
DEBUG:root:Order:5 9 1
DEBUG:root:Finish turn

DEBUG:root:Order:2 9 1
DEBUG:root:Order:5 9 1
DEBUG:root:Finish turn

DEBUG:root:Order:2 9 1
DEBUG:root:Order:5 9 1
DEBUG:root:Finish turn

DEBUG:root:Order:2 13 6
DEBUG:root:Order:5 13 6
DEBUG:root:Order:11 13 5
DEBUG:root:Finish turn

DEBUG:root:Order:2 13 10
DEBUG:root:Order:5 13 10
DEBUG:root:Order:11 13 9
DEBUG:root:Order:9 13 7
DEBUG:root:Finish turn

DEBUG:root:Order:2 12 4
DEBUG:root:Order:5 12 4
DEBUG:root:Order:11 12 3
DEBUG:root:Order:9 12 1
DEBUG:root:Finish turn

DEBUG:root:Order:2 12 6
DEBUG:root:Order:5 12 6
DEBUG:root:Order:11 12 5
DEBUG:root:Order:13 12 4
DEBUG:root:Finish turn

DEBUG:root:Finish turn

DEBUG:root:Order:2 11 1
DEBUG:root:Order:5 11 1
DEBUG:root:Finish turn

DEBUG:root:Order:2 14 5
DEBUG:root:Order:5 14 5
DEBUG:root:Order:11 14 5
DEBUG:root:Order:12 14 3
DEBUG:root:Order:13 14 3
DEBUG:root:Finish turn

DEBUG:root:Order:2 14 17
DEBUG:root:Order:5 14 17
DEBUG:root:Order:11 14 16
DEBUG:root:Order:13 14 14
DEBUG:root:Order:13 9 1
DEBUG:root:Finish turn

DEBUG:root:Order:2 9 8
DEBUG:root:Order:5 9 8
DEBUG:root:Order:13 9 8
DEBUG:root:Order:11 9 7
DEBUG:root:Order:14 9 6
DEBUG:root:Finish turn

DEBUG:root:Order:2 9 1
DEBUG:root:Order:5 9 1
DEBUG:root:Finish turn

DEBUG:root:Order:2 9 1
DEBUG:root:Order:5 9 1
DEBUG:root:Finish turn

DEBUG:root:Order:2 7 5
DEBUG:root:Order:5 7 5
DEBUG:root:Order:11 7 4
DEBUG:root:Order:14 7 2
DEBUG:root:Order:14 9 1
DEBUG:root:Finish turn

DEBUG:root:Order:2 7 3
DEBUG:root:Order:5 7 3
DEBUG:root:Order:14 7 3
DEBUG:root:Order:11 7 2
DEBUG:root:Finish turn

DEBUG:root:Order:2 7 2
DEBUG:root:Order:5 7 2
DEBUG:root:Order:11 7 1
DEBUG:root:Order:11 9 1
DEBUG:root:Finish turn

DEBUG:root:Order:2 7 1
DEBUG:root:Order:5 7 1
DEBUG:root:Order:14 7 1
DEBUG:root:Order:14 9 1
DEBUG:root:Finish turn

DEBUG:root:Order:2 7 2
DEBUG:root:Order:2 9 2
DEBUG:root:Finish turn

DEBUG:root:Order:5 7 3
DEBUG:root:Order:5 9 2
DEBUG:root:Order:5 2 3
DEBUG:root:Finish turn

DEBUG:root:Order:2 5 2
DEBUG:root:Order:2 7 2
DEBUG:root:Order:2 9 1
DEBUG:root:Finish turn

DEBUG:root:Order:14 8 64.0
DEBUG:root:Order:11 14 12
DEBUG:root:Order:2 14 11
DEBUG:root:Order:5 14 11
DEBUG:root:Order:9 14 8
DEBUG:root:Order:7 14 7
DEBUG:root:Finish turn

DEBUG:root:Order:2 7 2
DEBUG:root:Order:2 14 2
DEBUG:root:Order:2 9 1
DEBUG:root:Finish turn

DEBUG:root:Order:5 7 2
DEBUG:root:Order:5 2 1
DEBUG:root:Order:5 9 1
DEBUG:root:Finish turn

DEBUG:root:Order:11 7 2
DEBUG:root:Order:2 7 1
DEBUG:root:Order:2 9 1
DEBUG:root:Order:5 9 1
DEBUG:root:Finish turn

DEBUG:root:Order:14 17 69.0
DEBUG:root:Order:5 14 14
DEBUG:root:Order:2 14 13
DEBUG:root:Order:11 14 13
DEBUG:root:Order:9 14 11
DEBUG:root:Finish turn

DEBUG:root:Order:2 14 1
DEBUG:root:Order:5 14 1
DEBUG:root:Finish turn

DEBUG:root:Order:2 9 1
DEBUG:root:Order:5 9 1
DEBUG:root:Finish turn

DEBUG:root:Order:2 9 1
DEBUG:root:Order:5 9 1
DEBUG:root:Finish turn

DEBUG:root:Order:2 9 20
DEBUG:root:Order:5 9 20
DEBUG:root:Order:11 9 19
DEBUG:root:Finish turn

DEBUG:root:Order:2 9 1
DEBUG:root:Order:5 9 1
DEBUG:root:Finish turn

DEBUG:root:Order:2 17 8
DEBUG:root:Order:5 17 8
DEBUG:root:Order:11 17 7
DEBUG:root:Order:9 17 5
DEBUG:root:Finish turn

DEBUG:root:Order:2 11 28
DEBUG:root:Order:5 11 28
DEBUG:root:Bad order:17 6.0 28
DEBUG:root:Order:9 11 25
DEBUG:root:Finish turn

DEBUG:root:Bad order:2 11.0 16
DEBUG:root:Bad order:5 11.0 16
DEBUG:root:Order:9 17 13
DEBUG:root:Finish turn

DEBUG:root:Bad order:2 16.0 17
DEBUG:root:Bad order:5 16.0 17
DEBUG:root:Finish turn

DEBUG:root:Order:11 18 69.0
DEBUG:root:Bad order:7 4.0 34
DEBUG:root:Bad order:2 21.0 24
DEBUG:root:Bad order:5 21.0 24
DEBUG:root:Bad order:8 1.0 4
DEBUG:root:Order:9 11 2
DEBUG:root:Finish turn

DEBUG:root:Bad order:2 26.0 28
DEBUG:root:Bad order:5 26.0 28
DEBUG:root:Bad order:7 12.0 25
DEBUG:root:Bad order:14 7.0 11
DEBUG:root:Order:9 11 1
DEBUG:root:Finish turn

DEBUG:root:Bad order:2 31.0 38
DEBUG:root:Bad order:5 31.0 38
DEBUG:root:Bad order:7 17.0 31
DEBUG:root:Order:9 11 7
DEBUG:root:Order:17 11 2
DEBUG:root:Finish turn

DEBUG:root:Bad order:7 20.0 40
DEBUG:root:Bad order:7 20.0 31
DEBUG:root:Order:7 8 2
DEBUG:root:Bad order:7 18.0 40
DEBUG:root:Order:17 5 13
DEBUG:root:Order:9 5 10
DEBUG:root:Order:2 5 9
DEBUG:root:Finish turn

DEBUG:root:Bad order:7 12.0 36
DEBUG:root:Order:5 11 33
DEBUG:root:Order:17 11 2
DEBUG:root:Finish turn

DEBUG:root:Order:7 14 10
DEBUG:root:Order:5 14 6
DEBUG:root:Order:17 14 6
DEBUG:root:Order:9 14 2
DEBUG:root:Finish turn

DEBUG:root:Order:17 8 2
DEBUG:root:Order:17 7 1
DEBUG:root:Order:17 9 2
DEBUG:root:Order:11 9 1
DEBUG:root:Finish turn

DEBUG:root:Order:9 7 1
DEBUG:root:Order:11 7 1
DEBUG:root:Order:11 8 1
DEBUG:root:Finish turn

DEBUG:root:Order:11 21 76.0
DEBUG:root:Order:14 11 14
DEBUG:root:Order:17 11 14
DEBUG:root:Order:9 11 12
DEBUG:root:Order:7 11 10
DEBUG:root:Order:8 11 9
DEBUG:root:Finish turn

DEBUG:root:Order:17 11 2
DEBUG:root:Order:17 7 1
DEBUG:root:Order:17 8 1
DEBUG:root:Order:17 9 2
DEBUG:root:Order:14 9 1
DEBUG:root:Finish turn

DEBUG:root:Order:9 7 2
DEBUG:root:Order:9 8 2
DEBUG:root:Order:9 17 1
DEBUG:root:Finish turn

DEBUG:root:Order:14 9 3
DEBUG:root:Order:14 7 1
DEBUG:root:Order:14 8 1
DEBUG:root:Finish turn

DEBUG:root:Order:11 7 1
DEBUG:root:Order:11 8 1
DEBUG:root:Order:11 9 4
DEBUG:root:Finish turn

DEBUG:root:Bad order:18 1.0 3
DEBUG:root:Bad order:18 1.0 3
DEBUG:root:Order:18 11 1
DEBUG:root:Finish turn

DEBUG:root:Order:14 18 14
DEBUG:root:Order:9 18 13
DEBUG:root:Order:11 18 13
DEBUG:root:Order:7 18 7
DEBUG:root:Bad order:8 6.0 7
DEBUG:root:Finish turn

DEBUG:root:Order:8 18 4
DEBUG:root:Order:8 7 1
DEBUG:root:Bad order:8 3.0 5
DEBUG:root:Order:11 9 1
DEBUG:root:Finish turn

DEBUG:root:Order:11 22 76.0
DEBUG:root:Bad order:18 15.0 17
DEBUG:root:Order:9 11 15
DEBUG:root:Bad order:8 6.0 14
DEBUG:root:Bad order:7 9.0 13
DEBUG:root:Finish turn

DEBUG:root:Order:18 11 19
DEBUG:root:Bad order:8 7.0 12
DEBUG:root:Order:7 11 11
DEBUG:root:Finish turn

DEBUG:root:Bad order:8 8.0 10
DEBUG:root:Order:18 11 2
DEBUG:root:Finish turn

DEBUG:root:Order:8 11 7
DEBUG:root:Order:18 11 1
DEBUG:root:Finish turn

DEBUG:root:Order:18 11 1
DEBUG:root:Finish turn

DEBUG:root:Finish turn

DEBUG:root:Finish turn

DEBUG:root:Order:18 21 15
DEBUG:root:Finish turn

DEBUG:root:Order:18 21 1
DEBUG:root:Finish turn

DEBUG:root:Order:22 21 1
DEBUG:root:Finish turn

DEBUG:root:Order:18 22 10
DEBUG:root:Order:21 22 6
DEBUG:root:Finish turn

DEBUG:root:Order:21 22 1
DEBUG:root:Finish turn

DEBUG:root:Finish turn

DEBUG:root:Finish turn

DEBUG:root:Finish turn

DEBUG:root:Finish turn

DEBUG:root:Order:22 21 23
DEBUG:root:Finish turn

DEBUG:root:Finish turn

DEBUG:root:Finish turn

DEBUG:root:Finish turn

DEBUG:root:Finish turn

DEBUG:root:Finish turn

DEBUG:root:Finish turn

DEBUG:root:Finish turn

DEBUG:root:Finish turn

DEBUG:root:Finish turn

DEBUG:root:Finish turn

DEBUG:root:Finish turn

DEBUG:root:Finish turn

DEBUG:root:Finish turn

DEBUG:root:Finish turn

DEBUG:root:Finish turn

DEBUG:root:Finish turn

DEBUG:root:Finish turn

DEBUG:root:Finish turn

DEBUG:root:Finish turn

